-------------------------------------------------------------------------------
Test set: com.example.backend4402.Backend4402ApplicationTests
-------------------------------------------------------------------------------
Tests run: 1, Failures: 0, Errors: 1, Skipped: 0, Time elapsed: 2.498 s <<< FAILURE! - in com.example.backend4402.Backend4402ApplicationTests
com.example.backend4402.Backend4402ApplicationTests.contextLoads  Time elapsed: 0.013 s  <<< ERROR!
java.lang.IllegalStateException: Failed to load ApplicationContext for [WebMergedContextConfiguration@7e1a9173 testClass = com.example.backend4402.Backend4402ApplicationTests, locations = [], classes = [com.example.backend4402.Example4402Application], contextInitializerClasses = [], activeProfiles = [], propertySourceLocations = [], propertySourceProperties = ["org.springframework.boot.test.context.SpringBootTestContextBootstrapper=true"], contextCustomizers = [org.springframework.boot.test.context.filter.ExcludeFilterContextCustomizer@58e1d9d, org.springframework.boot.test.json.DuplicateJsonObjectContextCustomizerFactory$DuplicateJsonObjectContextCustomizer@47caedad, org.springframework.boot.test.mock.mockito.MockitoContextCustomizer@0, org.springframework.boot.test.web.client.TestRestTemplateContextCustomizer@d23e042, org.springframework.boot.test.autoconfigure.actuate.observability.ObservabilityContextCustomizerFactory$DisableObservabilityContextCustomizer@1f, org.springframework.boot.test.autoconfigure.properties.PropertyMappingContextCustomizer@0, org.springframework.boot.test.autoconfigure.web.servlet.WebDriverContextCustomizer@5be1d0a4, org.springframework.boot.test.context.SpringBootTestAnnotation@c1c769c4], resourceBasePath = "src/main/webapp", contextLoader = org.springframework.boot.test.context.SpringBootContextLoader, parent = null]
	at org.springframework.test.context.cache.DefaultCacheAwareContextLoaderDelegate.loadContext(DefaultCacheAwareContextLoaderDelegate.java:143)
	at org.springframework.test.context.support.DefaultTestContext.getApplicationContext(DefaultTestContext.java:127)
	at org.springframework.test.context.web.ServletTestExecutionListener.setUpRequestContextIfNecessary(ServletTestExecutionListener.java:191)
	at org.springframework.test.context.web.ServletTestExecutionListener.prepareTestInstance(ServletTestExecutionListener.java:130)
	at org.springframework.test.context.TestContextManager.prepareTestInstance(TestContextManager.java:241)
	at org.springframework.test.context.junit.jupiter.SpringExtension.postProcessTestInstance(SpringExtension.java:138)
	at org.junit.jupiter.engine.descriptor.ClassBasedTestDescriptor.lambda$invokeTestInstancePostProcessors$10(ClassBasedTestDescriptor.java:377)
	at org.junit.jupiter.engine.descriptor.ClassBasedTestDescriptor.executeAndMaskThrowable(ClassBasedTestDescriptor.java:382)
	at org.junit.jupiter.engine.descriptor.ClassBasedTestDescriptor.lambda$invokeTestInstancePostProcessors$11(ClassBasedTestDescriptor.java:377)
	at java.base/java.util.stream.ReferencePipeline$3$1.accept(ReferencePipeline.java:215)
	at java.base/java.util.stream.ReferencePipeline$2$1.accept(ReferencePipeline.java:197)
	at java.base/java.util.ArrayList$ArrayListSpliterator.forEachRemaining(ArrayList.java:1709)
	at java.base/java.util.stream.AbstractPipeline.copyInto(AbstractPipeline.java:570)
	at java.base/java.util.stream.AbstractPipeline.wrapAndCopyInto(AbstractPipeline.java:560)
	at java.base/java.util.stream.StreamSpliterators$WrappingSpliterator.forEachRemaining(StreamSpliterators.java:315)
	at java.base/java.util.stream.Streams$ConcatSpliterator.forEachRemaining(Streams.java:735)
	at java.base/java.util.stream.Streams$ConcatSpliterator.forEachRemaining(Streams.java:734)
	at java.base/java.util.stream.ReferencePipeline$Head.forEach(ReferencePipeline.java:807)
	at org.junit.jupiter.engine.descriptor.ClassBasedTestDescriptor.invokeTestInstancePostProcessors(ClassBasedTestDescriptor.java:376)
	at org.junit.jupiter.engine.descriptor.ClassBasedTestDescriptor.lambda$instantiateAndPostProcessTestInstance$6(ClassBasedTestDescriptor.java:289)
	at org.junit.platform.engine.support.hierarchical.ThrowableCollector.execute(ThrowableCollector.java:73)
	at org.junit.jupiter.engine.descriptor.ClassBasedTestDescriptor.instantiateAndPostProcessTestInstance(ClassBasedTestDescriptor.java:288)
	at org.junit.jupiter.engine.descriptor.ClassBasedTestDescriptor.lambda$testInstancesProvider$4(ClassBasedTestDescriptor.java:278)
	at java.base/java.util.Optional.orElseGet(Optional.java:364)
	at org.junit.jupiter.engine.descriptor.ClassBasedTestDescriptor.lambda$testInstancesProvider$5(ClassBasedTestDescriptor.java:277)
	at org.junit.jupiter.engine.execution.TestInstancesProvider.getTestInstances(TestInstancesProvider.java:31)
	at org.junit.jupiter.engine.descriptor.TestMethodTestDescriptor.lambda$prepare$0(TestMethodTestDescriptor.java:105)
	at org.junit.platform.engine.support.hierarchical.ThrowableCollector.execute(ThrowableCollector.java:73)
	at org.junit.jupiter.engine.descriptor.TestMethodTestDescriptor.prepare(TestMethodTestDescriptor.java:104)
	at org.junit.jupiter.engine.descriptor.TestMethodTestDescriptor.prepare(TestMethodTestDescriptor.java:68)
	at org.junit.platform.engine.support.hierarchical.NodeTestTask.lambda$prepare$2(NodeTestTask.java:123)
	at org.junit.platform.engine.support.hierarchical.ThrowableCollector.execute(ThrowableCollector.java:73)
	at org.junit.platform.engine.support.hierarchical.NodeTestTask.prepare(NodeTestTask.java:123)
	at org.junit.platform.engine.support.hierarchical.NodeTestTask.execute(NodeTestTask.java:90)
	at java.base/java.util.ArrayList.forEach(ArrayList.java:1597)
	at org.junit.platform.engine.support.hierarchical.SameThreadHierarchicalTestExecutorService.invokeAll(SameThreadHierarchicalTestExecutorService.java:41)
	at org.junit.platform.engine.support.hierarchical.NodeTestTask.lambda$executeRecursively$6(NodeTestTask.java:155)
	at org.junit.platform.engine.support.hierarchical.ThrowableCollector.execute(ThrowableCollector.java:73)
	at org.junit.platform.engine.support.hierarchical.NodeTestTask.lambda$executeRecursively$8(NodeTestTask.java:141)
	at org.junit.platform.engine.support.hierarchical.Node.around(Node.java:137)
	at org.junit.platform.engine.support.hierarchical.NodeTestTask.lambda$executeRecursively$9(NodeTestTask.java:139)
	at org.junit.platform.engine.support.hierarchical.ThrowableCollector.execute(ThrowableCollector.java:73)
	at org.junit.platform.engine.support.hierarchical.NodeTestTask.executeRecursively(NodeTestTask.java:138)
	at org.junit.platform.engine.support.hierarchical.NodeTestTask.execute(NodeTestTask.java:95)
	at java.base/java.util.ArrayList.forEach(ArrayList.java:1597)
	at org.junit.platform.engine.support.hierarchical.SameThreadHierarchicalTestExecutorService.invokeAll(SameThreadHierarchicalTestExecutorService.java:41)
	at org.junit.platform.engine.support.hierarchical.NodeTestTask.lambda$executeRecursively$6(NodeTestTask.java:155)
	at org.junit.platform.engine.support.hierarchical.ThrowableCollector.execute(ThrowableCollector.java:73)
	at org.junit.platform.engine.support.hierarchical.NodeTestTask.lambda$executeRecursively$8(NodeTestTask.java:141)
	at org.junit.platform.engine.support.hierarchical.Node.around(Node.java:137)
	at org.junit.platform.engine.support.hierarchical.NodeTestTask.lambda$executeRecursively$9(NodeTestTask.java:139)
	at org.junit.platform.engine.support.hierarchical.ThrowableCollector.execute(ThrowableCollector.java:73)
	at org.junit.platform.engine.support.hierarchical.NodeTestTask.executeRecursively(NodeTestTask.java:138)
	at org.junit.platform.engine.support.hierarchical.NodeTestTask.execute(NodeTestTask.java:95)
	at org.junit.platform.engine.support.hierarchical.SameThreadHierarchicalTestExecutorService.submit(SameThreadHierarchicalTestExecutorService.java:35)
	at org.junit.platform.engine.support.hierarchical.HierarchicalTestExecutor.execute(HierarchicalTestExecutor.java:57)
	at org.junit.platform.engine.support.hierarchical.HierarchicalTestEngine.execute(HierarchicalTestEngine.java:54)
	at org.junit.platform.launcher.core.EngineExecutionOrchestrator.execute(EngineExecutionOrchestrator.java:147)
	at org.junit.platform.launcher.core.EngineExecutionOrchestrator.execute(EngineExecutionOrchestrator.java:127)
	at org.junit.platform.launcher.core.EngineExecutionOrchestrator.execute(EngineExecutionOrchestrator.java:90)
	at org.junit.platform.launcher.core.EngineExecutionOrchestrator.lambda$execute$0(EngineExecutionOrchestrator.java:55)
	at org.junit.platform.launcher.core.EngineExecutionOrchestrator.withInterceptedStreams(EngineExecutionOrchestrator.java:102)
	at org.junit.platform.launcher.core.EngineExecutionOrchestrator.execute(EngineExecutionOrchestrator.java:54)
	at org.junit.platform.launcher.core.DefaultLauncher.execute(DefaultLauncher.java:114)
	at org.junit.platform.launcher.core.DefaultLauncher.execute(DefaultLauncher.java:86)
	at org.junit.platform.launcher.core.DefaultLauncherSession$DelegatingLauncher.execute(DefaultLauncherSession.java:86)
	at org.apache.maven.surefire.junitplatform.LazyLauncher.execute(LazyLauncher.java:50)
	at org.apache.maven.surefire.junitplatform.JUnitPlatformProvider.execute(JUnitPlatformProvider.java:184)
	at org.apache.maven.surefire.junitplatform.JUnitPlatformProvider.invokeAllTests(JUnitPlatformProvider.java:148)
	at org.apache.maven.surefire.junitplatform.JUnitPlatformProvider.invoke(JUnitPlatformProvider.java:122)
	at org.apache.maven.surefire.booter.ForkedBooter.runSuitesInProcess(ForkedBooter.java:385)
	at org.apache.maven.surefire.booter.ForkedBooter.execute(ForkedBooter.java:162)
	at org.apache.maven.surefire.booter.ForkedBooter.run(ForkedBooter.java:507)
	at org.apache.maven.surefire.booter.ForkedBooter.main(ForkedBooter.java:495)
Caused by: org.springframework.beans.factory.UnsatisfiedDependencyException: Error creating bean with name 'controller' defined in file [C:\Users\cobalt\Documents\csc4402\backend4402\target\classes\com\example\backend4402\Controller.class]: Unsatisfied dependency expressed through constructor parameter 0: Error creating bean with name 'myService' defined in file [C:\Users\cobalt\Documents\csc4402\backend4402\target\classes\com\example\backend4402\MyService.class]: Unsatisfied dependency expressed through constructor parameter 0: Error creating bean with name 'databaseService' defined in file [C:\Users\cobalt\Documents\csc4402\backend4402\target\classes\com\example\backend4402\DatabaseService.class]: Unsatisfied dependency expressed through constructor parameter 0: Error creating bean with name 'dataSourceScriptDatabaseInitializer' defined in class path resource [org/springframework/boot/autoconfigure/sql/init/DataSourceInitializationConfiguration.class]: Failed to execute SQL script statement #3 of class path resource [data.sql]: INSERT INTO Teacher (id, name, salary, email, dateofbirth, dateofhire, room_number) VALUES (1, 'John Smith', 48000, 'jsmith@example.com', '1980-01-01', '2011-01-01', 101), (2, 'Jane Doe', 48000, 'jdoe@example.com', '1985-02-03', '2020-04-10', 102), (3, 'Morgan Jones', 48000, 'mjones@example.com', '1970-04-04', '2000-01-01', 103), (4, 'Casey Lee', 48000, 'clee@example.com', '1975-01-01', '2024-02-12', 104), (5, 'Mary Lee', 48000, 'mlee@example.com', '1980-12-01', '2013-01-04', 105), (6, 'Charles Johnson', 48000, 'cjohnson@example.com', '1976-02-02', '2016-09-01', 106), (7, 'Sarah Hebert', 48000, 'shebert@example.com', '1981-08-12', '2010-07-11', 107), (8, 'Bill Cassidy', 48000, 'bcassidy@example.com', '1984-06-19', '2007-02-02', 108), (9, 'Danny Jonson', 52000, 'djonson@example.com', '1979-01-10', '2001-12-23', 109), (10, 'Thomas Christianson', 45000, 'tchristianson@example.com', '1995-03-04', '2018-7-13', 110), (11, 'Mary Dunlop', 49000, 'mdunlop@example.com', '1985-11-11', '2008-11-11', 111), (12, 'Michael Scarn', 55000, 'mscarn@example.com', '1976-05-05', '2001-09-11', 112), (13, 'Sarah Kerrigan', 52000, 'skerrigan@example.com', '1988-07-26', '2012-12-22', 113), (14, 'Patrick Bates', 48000, 'pbates@example.com', '1975-12-03', '2000-01-30', 114), (15, 'Phillip Anselmo', 50000, 'panselmo@example.com', '1968-06-30', '1994-10-31', 115)
	at org.springframework.beans.factory.support.ConstructorResolver.createArgumentArray(ConstructorResolver.java:801)
	at org.springframework.beans.factory.support.ConstructorResolver.autowireConstructor(ConstructorResolver.java:240)
	at org.springframework.beans.factory.support.AbstractAutowireCapableBeanFactory.autowireConstructor(AbstractAutowireCapableBeanFactory.java:1352)
	at org.springframework.beans.factory.support.AbstractAutowireCapableBeanFactory.createBeanInstance(AbstractAutowireCapableBeanFactory.java:1189)
	at org.springframework.beans.factory.support.AbstractAutowireCapableBeanFactory.doCreateBean(AbstractAutowireCapableBeanFactory.java:560)
	at org.springframework.beans.factory.support.AbstractAutowireCapableBeanFactory.createBean(AbstractAutowireCapableBeanFactory.java:520)
	at org.springframework.beans.factory.support.AbstractBeanFactory.lambda$doGetBean$0(AbstractBeanFactory.java:325)
	at org.springframework.beans.factory.support.DefaultSingletonBeanRegistry.getSingleton(DefaultSingletonBeanRegistry.java:234)
	at org.springframework.beans.factory.support.AbstractBeanFactory.doGetBean(AbstractBeanFactory.java:323)
	at org.springframework.beans.factory.support.AbstractBeanFactory.getBean(AbstractBeanFactory.java:199)
	at org.springframework.beans.factory.support.DefaultListableBeanFactory.preInstantiateSingletons(DefaultListableBeanFactory.java:973)
	at org.springframework.context.support.AbstractApplicationContext.finishBeanFactoryInitialization(AbstractApplicationContext.java:942)
	at org.springframework.context.support.AbstractApplicationContext.refresh(AbstractApplicationContext.java:608)
	at org.springframework.boot.SpringApplication.refresh(SpringApplication.java:737)
	at org.springframework.boot.SpringApplication.refreshContext(SpringApplication.java:439)
	at org.springframework.boot.SpringApplication.run(SpringApplication.java:315)
	at org.springframework.boot.test.context.SpringBootContextLoader.lambda$loadContext$3(SpringBootContextLoader.java:137)
	at org.springframework.util.function.ThrowingSupplier.get(ThrowingSupplier.java:58)
	at org.springframework.util.function.ThrowingSupplier.get(ThrowingSupplier.java:46)
	at org.springframework.boot.SpringApplication.withHook(SpringApplication.java:1409)
	at org.springframework.boot.test.context.SpringBootContextLoader$ContextLoaderHook.run(SpringBootContextLoader.java:545)
	at org.springframework.boot.test.context.SpringBootContextLoader.loadContext(SpringBootContextLoader.java:137)
	at org.springframework.boot.test.context.SpringBootContextLoader.loadContext(SpringBootContextLoader.java:108)
	at org.springframework.test.context.cache.DefaultCacheAwareContextLoaderDelegate.loadContextInternal(DefaultCacheAwareContextLoaderDelegate.java:187)
	at org.springframework.test.context.cache.DefaultCacheAwareContextLoaderDelegate.loadContext(DefaultCacheAwareContextLoaderDelegate.java:119)
	... 73 more
Caused by: org.springframework.beans.factory.UnsatisfiedDependencyException: Error creating bean with name 'myService' defined in file [C:\Users\cobalt\Documents\csc4402\backend4402\target\classes\com\example\backend4402\MyService.class]: Unsatisfied dependency expressed through constructor parameter 0: Error creating bean with name 'databaseService' defined in file [C:\Users\cobalt\Documents\csc4402\backend4402\target\classes\com\example\backend4402\DatabaseService.class]: Unsatisfied dependency expressed through constructor parameter 0: Error creating bean with name 'dataSourceScriptDatabaseInitializer' defined in class path resource [org/springframework/boot/autoconfigure/sql/init/DataSourceInitializationConfiguration.class]: Failed to execute SQL script statement #3 of class path resource [data.sql]: INSERT INTO Teacher (id, name, salary, email, dateofbirth, dateofhire, room_number) VALUES (1, 'John Smith', 48000, 'jsmith@example.com', '1980-01-01', '2011-01-01', 101), (2, 'Jane Doe', 48000, 'jdoe@example.com', '1985-02-03', '2020-04-10', 102), (3, 'Morgan Jones', 48000, 'mjones@example.com', '1970-04-04', '2000-01-01', 103), (4, 'Casey Lee', 48000, 'clee@example.com', '1975-01-01', '2024-02-12', 104), (5, 'Mary Lee', 48000, 'mlee@example.com', '1980-12-01', '2013-01-04', 105), (6, 'Charles Johnson', 48000, 'cjohnson@example.com', '1976-02-02', '2016-09-01', 106), (7, 'Sarah Hebert', 48000, 'shebert@example.com', '1981-08-12', '2010-07-11', 107), (8, 'Bill Cassidy', 48000, 'bcassidy@example.com', '1984-06-19', '2007-02-02', 108), (9, 'Danny Jonson', 52000, 'djonson@example.com', '1979-01-10', '2001-12-23', 109), (10, 'Thomas Christianson', 45000, 'tchristianson@example.com', '1995-03-04', '2018-7-13', 110), (11, 'Mary Dunlop', 49000, 'mdunlop@example.com', '1985-11-11', '2008-11-11', 111), (12, 'Michael Scarn', 55000, 'mscarn@example.com', '1976-05-05', '2001-09-11', 112), (13, 'Sarah Kerrigan', 52000, 'skerrigan@example.com', '1988-07-26', '2012-12-22', 113), (14, 'Patrick Bates', 48000, 'pbates@example.com', '1975-12-03', '2000-01-30', 114), (15, 'Phillip Anselmo', 50000, 'panselmo@example.com', '1968-06-30', '1994-10-31', 115)
	at org.springframework.beans.factory.support.ConstructorResolver.createArgumentArray(ConstructorResolver.java:801)
	at org.springframework.beans.factory.support.ConstructorResolver.autowireConstructor(ConstructorResolver.java:240)
	at org.springframework.beans.factory.support.AbstractAutowireCapableBeanFactory.autowireConstructor(AbstractAutowireCapableBeanFactory.java:1352)
	at org.springframework.beans.factory.support.AbstractAutowireCapableBeanFactory.createBeanInstance(AbstractAutowireCapableBeanFactory.java:1189)
	at org.springframework.beans.factory.support.AbstractAutowireCapableBeanFactory.doCreateBean(AbstractAutowireCapableBeanFactory.java:560)
	at org.springframework.beans.factory.support.AbstractAutowireCapableBeanFactory.createBean(AbstractAutowireCapableBeanFactory.java:520)
	at org.springframework.beans.factory.support.AbstractBeanFactory.lambda$doGetBean$0(AbstractBeanFactory.java:325)
	at org.springframework.beans.factory.support.DefaultSingletonBeanRegistry.getSingleton(DefaultSingletonBeanRegistry.java:234)
	at org.springframework.beans.factory.support.AbstractBeanFactory.doGetBean(AbstractBeanFactory.java:323)
	at org.springframework.beans.factory.support.AbstractBeanFactory.getBean(AbstractBeanFactory.java:199)
	at org.springframework.beans.factory.config.DependencyDescriptor.resolveCandidate(DependencyDescriptor.java:254)
	at org.springframework.beans.factory.support.DefaultListableBeanFactory.doResolveDependency(DefaultListableBeanFactory.java:1417)
	at org.springframework.beans.factory.support.DefaultListableBeanFactory.resolveDependency(DefaultListableBeanFactory.java:1337)
	at org.springframework.beans.factory.support.ConstructorResolver.resolveAutowiredArgument(ConstructorResolver.java:910)
	at org.springframework.beans.factory.support.ConstructorResolver.createArgumentArray(ConstructorResolver.java:788)
	... 97 more
Caused by: org.springframework.beans.factory.UnsatisfiedDependencyException: Error creating bean with name 'databaseService' defined in file [C:\Users\cobalt\Documents\csc4402\backend4402\target\classes\com\example\backend4402\DatabaseService.class]: Unsatisfied dependency expressed through constructor parameter 0: Error creating bean with name 'dataSourceScriptDatabaseInitializer' defined in class path resource [org/springframework/boot/autoconfigure/sql/init/DataSourceInitializationConfiguration.class]: Failed to execute SQL script statement #3 of class path resource [data.sql]: INSERT INTO Teacher (id, name, salary, email, dateofbirth, dateofhire, room_number) VALUES (1, 'John Smith', 48000, 'jsmith@example.com', '1980-01-01', '2011-01-01', 101), (2, 'Jane Doe', 48000, 'jdoe@example.com', '1985-02-03', '2020-04-10', 102), (3, 'Morgan Jones', 48000, 'mjones@example.com', '1970-04-04', '2000-01-01', 103), (4, 'Casey Lee', 48000, 'clee@example.com', '1975-01-01', '2024-02-12', 104), (5, 'Mary Lee', 48000, 'mlee@example.com', '1980-12-01', '2013-01-04', 105), (6, 'Charles Johnson', 48000, 'cjohnson@example.com', '1976-02-02', '2016-09-01', 106), (7, 'Sarah Hebert', 48000, 'shebert@example.com', '1981-08-12', '2010-07-11', 107), (8, 'Bill Cassidy', 48000, 'bcassidy@example.com', '1984-06-19', '2007-02-02', 108), (9, 'Danny Jonson', 52000, 'djonson@example.com', '1979-01-10', '2001-12-23', 109), (10, 'Thomas Christianson', 45000, 'tchristianson@example.com', '1995-03-04', '2018-7-13', 110), (11, 'Mary Dunlop', 49000, 'mdunlop@example.com', '1985-11-11', '2008-11-11', 111), (12, 'Michael Scarn', 55000, 'mscarn@example.com', '1976-05-05', '2001-09-11', 112), (13, 'Sarah Kerrigan', 52000, 'skerrigan@example.com', '1988-07-26', '2012-12-22', 113), (14, 'Patrick Bates', 48000, 'pbates@example.com', '1975-12-03', '2000-01-30', 114), (15, 'Phillip Anselmo', 50000, 'panselmo@example.com', '1968-06-30', '1994-10-31', 115)
	at org.springframework.beans.factory.support.ConstructorResolver.createArgumentArray(ConstructorResolver.java:801)
	at org.springframework.beans.factory.support.ConstructorResolver.autowireConstructor(ConstructorResolver.java:240)
	at org.springframework.beans.factory.support.AbstractAutowireCapableBeanFactory.autowireConstructor(AbstractAutowireCapableBeanFactory.java:1352)
	at org.springframework.beans.factory.support.AbstractAutowireCapableBeanFactory.createBeanInstance(AbstractAutowireCapableBeanFactory.java:1189)
	at org.springframework.beans.factory.support.AbstractAutowireCapableBeanFactory.doCreateBean(AbstractAutowireCapableBeanFactory.java:560)
	at org.springframework.beans.factory.support.AbstractAutowireCapableBeanFactory.createBean(AbstractAutowireCapableBeanFactory.java:520)
	at org.springframework.beans.factory.support.AbstractBeanFactory.lambda$doGetBean$0(AbstractBeanFactory.java:325)
	at org.springframework.beans.factory.support.DefaultSingletonBeanRegistry.getSingleton(DefaultSingletonBeanRegistry.java:234)
	at org.springframework.beans.factory.support.AbstractBeanFactory.doGetBean(AbstractBeanFactory.java:323)
	at org.springframework.beans.factory.support.AbstractBeanFactory.getBean(AbstractBeanFactory.java:199)
	at org.springframework.beans.factory.config.DependencyDescriptor.resolveCandidate(DependencyDescriptor.java:254)
	at org.springframework.beans.factory.support.DefaultListableBeanFactory.doResolveDependency(DefaultListableBeanFactory.java:1417)
	at org.springframework.beans.factory.support.DefaultListableBeanFactory.resolveDependency(DefaultListableBeanFactory.java:1337)
	at org.springframework.beans.factory.support.ConstructorResolver.resolveAutowiredArgument(ConstructorResolver.java:910)
	at org.springframework.beans.factory.support.ConstructorResolver.createArgumentArray(ConstructorResolver.java:788)
	... 111 more
Caused by: org.springframework.beans.factory.BeanCreationException: Error creating bean with name 'dataSourceScriptDatabaseInitializer' defined in class path resource [org/springframework/boot/autoconfigure/sql/init/DataSourceInitializationConfiguration.class]: Failed to execute SQL script statement #3 of class path resource [data.sql]: INSERT INTO Teacher (id, name, salary, email, dateofbirth, dateofhire, room_number) VALUES (1, 'John Smith', 48000, 'jsmith@example.com', '1980-01-01', '2011-01-01', 101), (2, 'Jane Doe', 48000, 'jdoe@example.com', '1985-02-03', '2020-04-10', 102), (3, 'Morgan Jones', 48000, 'mjones@example.com', '1970-04-04', '2000-01-01', 103), (4, 'Casey Lee', 48000, 'clee@example.com', '1975-01-01', '2024-02-12', 104), (5, 'Mary Lee', 48000, 'mlee@example.com', '1980-12-01', '2013-01-04', 105), (6, 'Charles Johnson', 48000, 'cjohnson@example.com', '1976-02-02', '2016-09-01', 106), (7, 'Sarah Hebert', 48000, 'shebert@example.com', '1981-08-12', '2010-07-11', 107), (8, 'Bill Cassidy', 48000, 'bcassidy@example.com', '1984-06-19', '2007-02-02', 108), (9, 'Danny Jonson', 52000, 'djonson@example.com', '1979-01-10', '2001-12-23', 109), (10, 'Thomas Christianson', 45000, 'tchristianson@example.com', '1995-03-04', '2018-7-13', 110), (11, 'Mary Dunlop', 49000, 'mdunlop@example.com', '1985-11-11', '2008-11-11', 111), (12, 'Michael Scarn', 55000, 'mscarn@example.com', '1976-05-05', '2001-09-11', 112), (13, 'Sarah Kerrigan', 52000, 'skerrigan@example.com', '1988-07-26', '2012-12-22', 113), (14, 'Patrick Bates', 48000, 'pbates@example.com', '1975-12-03', '2000-01-30', 114), (15, 'Phillip Anselmo', 50000, 'panselmo@example.com', '1968-06-30', '1994-10-31', 115)
	at org.springframework.beans.factory.support.AbstractAutowireCapableBeanFactory.initializeBean(AbstractAutowireCapableBeanFactory.java:1770)
	at org.springframework.beans.factory.support.AbstractAutowireCapableBeanFactory.doCreateBean(AbstractAutowireCapableBeanFactory.java:598)
	at org.springframework.beans.factory.support.AbstractAutowireCapableBeanFactory.createBean(AbstractAutowireCapableBeanFactory.java:520)
	at org.springframework.beans.factory.support.AbstractBeanFactory.lambda$doGetBean$0(AbstractBeanFactory.java:325)
	at org.springframework.beans.factory.support.DefaultSingletonBeanRegistry.getSingleton(DefaultSingletonBeanRegistry.java:234)
	at org.springframework.beans.factory.support.AbstractBeanFactory.doGetBean(AbstractBeanFactory.java:323)
	at org.springframework.beans.factory.support.AbstractBeanFactory.getBean(AbstractBeanFactory.java:199)
	at org.springframework.beans.factory.support.AbstractBeanFactory.doGetBean(AbstractBeanFactory.java:312)
	at org.springframework.beans.factory.support.AbstractBeanFactory.getBean(AbstractBeanFactory.java:199)
	at org.springframework.beans.factory.config.DependencyDescriptor.resolveCandidate(DependencyDescriptor.java:254)
	at org.springframework.beans.factory.support.DefaultListableBeanFactory.doResolveDependency(DefaultListableBeanFactory.java:1417)
	at org.springframework.beans.factory.support.DefaultListableBeanFactory.resolveDependency(DefaultListableBeanFactory.java:1337)
	at org.springframework.beans.factory.support.ConstructorResolver.resolveAutowiredArgument(ConstructorResolver.java:910)
	at org.springframework.beans.factory.support.ConstructorResolver.createArgumentArray(ConstructorResolver.java:788)
	... 125 more
Caused by: org.springframework.jdbc.datasource.init.ScriptStatementFailedException: Failed to execute SQL script statement #3 of class path resource [data.sql]: INSERT INTO Teacher (id, name, salary, email, dateofbirth, dateofhire, room_number) VALUES (1, 'John Smith', 48000, 'jsmith@example.com', '1980-01-01', '2011-01-01', 101), (2, 'Jane Doe', 48000, 'jdoe@example.com', '1985-02-03', '2020-04-10', 102), (3, 'Morgan Jones', 48000, 'mjones@example.com', '1970-04-04', '2000-01-01', 103), (4, 'Casey Lee', 48000, 'clee@example.com', '1975-01-01', '2024-02-12', 104), (5, 'Mary Lee', 48000, 'mlee@example.com', '1980-12-01', '2013-01-04', 105), (6, 'Charles Johnson', 48000, 'cjohnson@example.com', '1976-02-02', '2016-09-01', 106), (7, 'Sarah Hebert', 48000, 'shebert@example.com', '1981-08-12', '2010-07-11', 107), (8, 'Bill Cassidy', 48000, 'bcassidy@example.com', '1984-06-19', '2007-02-02', 108), (9, 'Danny Jonson', 52000, 'djonson@example.com', '1979-01-10', '2001-12-23', 109), (10, 'Thomas Christianson', 45000, 'tchristianson@example.com', '1995-03-04', '2018-7-13', 110), (11, 'Mary Dunlop', 49000, 'mdunlop@example.com', '1985-11-11', '2008-11-11', 111), (12, 'Michael Scarn', 55000, 'mscarn@example.com', '1976-05-05', '2001-09-11', 112), (13, 'Sarah Kerrigan', 52000, 'skerrigan@example.com', '1988-07-26', '2012-12-22', 113), (14, 'Patrick Bates', 48000, 'pbates@example.com', '1975-12-03', '2000-01-30', 114), (15, 'Phillip Anselmo', 50000, 'panselmo@example.com', '1968-06-30', '1994-10-31', 115)
	at org.springframework.jdbc.datasource.init.ScriptUtils.executeSqlScript(ScriptUtils.java:282)
	at org.springframework.jdbc.datasource.init.ResourceDatabasePopulator.populate(ResourceDatabasePopulator.java:254)
	at org.springframework.jdbc.datasource.init.DatabasePopulatorUtils.execute(DatabasePopulatorUtils.java:54)
	at org.springframework.boot.jdbc.init.DataSourceScriptDatabaseInitializer.runScripts(DataSourceScriptDatabaseInitializer.java:87)
	at org.springframework.boot.sql.init.AbstractScriptDatabaseInitializer.runScripts(AbstractScriptDatabaseInitializer.java:146)
	at org.springframework.boot.sql.init.AbstractScriptDatabaseInitializer.applyScripts(AbstractScriptDatabaseInitializer.java:108)
	at org.springframework.boot.sql.init.AbstractScriptDatabaseInitializer.applyDataScripts(AbstractScriptDatabaseInitializer.java:102)
	at org.springframework.boot.sql.init.AbstractScriptDatabaseInitializer.initializeDatabase(AbstractScriptDatabaseInitializer.java:77)
	at org.springframework.boot.sql.init.AbstractScriptDatabaseInitializer.afterPropertiesSet(AbstractScriptDatabaseInitializer.java:66)
	at org.springframework.beans.factory.support.AbstractAutowireCapableBeanFactory.invokeInitMethods(AbstractAutowireCapableBeanFactory.java:1817)
	at org.springframework.beans.factory.support.AbstractAutowireCapableBeanFactory.initializeBean(AbstractAutowireCapableBeanFactory.java:1766)
	... 138 more
Caused by: org.h2.jdbc.JdbcSQLIntegrityConstraintViolationException: Referential integrity constraint violation: "CONSTRAINT_D4F: PUBLIC.TEACHER FOREIGN KEY(ROOM_NUMBER) REFERENCES PUBLIC.CLASSROOM(ROOM_NUMBER) (115)"; SQL statement:
INSERT INTO Teacher (id, name, salary, email, dateofbirth, dateofhire, room_number) VALUES (1, 'John Smith', 48000, 'jsmith@example.com', '1980-01-01', '2011-01-01', 101), (2, 'Jane Doe', 48000, 'jdoe@example.com', '1985-02-03', '2020-04-10', 102), (3, 'Morgan Jones', 48000, 'mjones@example.com', '1970-04-04', '2000-01-01', 103), (4, 'Casey Lee', 48000, 'clee@example.com', '1975-01-01', '2024-02-12', 104), (5, 'Mary Lee', 48000, 'mlee@example.com', '1980-12-01', '2013-01-04', 105), (6, 'Charles Johnson', 48000, 'cjohnson@example.com', '1976-02-02', '2016-09-01', 106), (7, 'Sarah Hebert', 48000, 'shebert@example.com', '1981-08-12', '2010-07-11', 107), (8, 'Bill Cassidy', 48000, 'bcassidy@example.com', '1984-06-19', '2007-02-02', 108), (9, 'Danny Jonson', 52000, 'djonson@example.com', '1979-01-10', '2001-12-23', 109), (10, 'Thomas Christianson', 45000, 'tchristianson@example.com', '1995-03-04', '2018-7-13', 110), (11, 'Mary Dunlop', 49000, 'mdunlop@example.com', '1985-11-11', '2008-11-11', 111), (12, 'Michael Scarn', 55000, 'mscarn@example.com', '1976-05-05', '2001-09-11', 112), (13, 'Sarah Kerrigan', 52000, 'skerrigan@example.com', '1988-07-26', '2012-12-22', 113), (14, 'Patrick Bates', 48000, 'pbates@example.com', '1975-12-03', '2000-01-30', 114), (15, 'Phillip Anselmo', 50000, 'panselmo@example.com', '1968-06-30', '1994-10-31', 115) [23506-214]
	at org.h2.message.DbException.getJdbcSQLException(DbException.java:508)
	at org.h2.message.DbException.getJdbcSQLException(DbException.java:477)
	at org.h2.message.DbException.get(DbException.java:223)
	at org.h2.message.DbException.get(DbException.java:199)
	at org.h2.constraint.ConstraintReferential.checkRowOwnTable(ConstraintReferential.java:311)
	at org.h2.constraint.ConstraintReferential.checkRow(ConstraintReferential.java:252)
	at org.h2.table.Table.fireConstraints(Table.java:1172)
	at org.h2.table.Table.fireAfterRow(Table.java:1190)
	at org.h2.command.dml.Insert.insertRows(Insert.java:188)
	at org.h2.command.dml.Insert.update(Insert.java:135)
	at org.h2.command.dml.DataChangeStatement.update(DataChangeStatement.java:74)
	at org.h2.command.CommandContainer.update(CommandContainer.java:169)
	at org.h2.command.Command.executeUpdate(Command.java:252)
	at org.h2.jdbc.JdbcStatement.executeInternal(JdbcStatement.java:252)
	at org.h2.jdbc.JdbcStatement.execute(JdbcStatement.java:223)
	at com.zaxxer.hikari.pool.ProxyStatement.execute(ProxyStatement.java:94)
	at com.zaxxer.hikari.pool.HikariProxyStatement.execute(HikariProxyStatement.java)
	at org.springframework.jdbc.datasource.init.ScriptUtils.executeSqlScript(ScriptUtils.java:261)
	... 148 more

